bw
bw
bw
bw
cl
cl
ctg
elk
elk
elk
elk
elk
elk
ilk
ilk
snb_gt1
snb_gt2
snb_gt2
snb_gt1
snb_gt2
snb_gt2
snb_gt1
ivb_gt1
ivb_gt2
ivb_gt1
ivb_gt2
ivb_gt1
ivb_gt2
hsw_gt1
hsw_gt2
hsw_gt3
hsw_gt1
hsw_gt2
hsw_gt3
hsw_gt1
hsw_gt2
hsw_gt3
hsw_gt1
hsw_gt2
hsw_gt3
hsw_gt1
hsw_gt2
hsw_gt3
hsw_gt1
hsw_gt2
hsw_gt3
hsw_gt1
hsw_gt2
hsw_gt3
hsw_gt1
hsw_gt2
hsw_gt3
hsw_gt1
hsw_gt2
hsw_gt3
hsw_gt1
hsw_gt2
hsw_gt3
hsw_gt1
hsw_gt2
hsw_gt3
hsw_gt1
hsw_gt2
hsw_gt3
hsw_gt1
hsw_gt2
hsw_gt3
hsw_gt1
hsw_gt2
hsw_gt3
hsw_gt1
hsw_gt2
hsw_gt3
hsw_gt1
hsw_gt2
hsw_gt3
hsw_gt1
hsw_gt2
hsw_gt3
hsw_gt1
hsw_gt2
hsw_gt3
hsw_gt1
hsw_gt2
hsw_gt3
hsw_gt1
hsw_gt2
hsw_gt3
byt
byt
byt
byt
byt
chv
bsw
chv
chv
