ARUBA_9900
ARUBA_9901
ARUBA_9903
ARUBA_9904
ARUBA_9905
ARUBA_9906
ARUBA_9907
ARUBA_9908
ARUBA_9909
ARUBA_990A
ARUBA_990B
ARUBA_990C
ARUBA_990D
ARUBA_990E
ARUBA_990F
ARUBA_9910
ARUBA_9913
ARUBA_9917
ARUBA_9918
ARUBA_9919
ARUBA_9990
ARUBA_9991
ARUBA_9992
ARUBA_9993
ARUBA_9994
ARUBA_9995
ARUBA_9996
ARUBA_9997
ARUBA_9998
ARUBA_9999
ARUBA_999A
ARUBA_999B
ARUBA_999C
ARUBA_999D
ARUBA_99A0
ARUBA_99A2
ARUBA_99A4
BARTS_6720
BARTS_6721
BARTS_6722
BARTS_6723
BARTS_6724
BARTS_6725
BARTS_6726
BARTS_6727
BARTS_6728
BARTS_6729
BARTS_6738
BARTS_6739
BARTS_673E
CAICOS_6760
CAICOS_6761
CAICOS_6762
CAICOS_6763
CAICOS_6764
CAICOS_6765
CAICOS_6766
CAICOS_6767
CAICOS_6768
CAICOS_6770
CAICOS_6771
CAICOS_6772
CAICOS_6778
CAICOS_6779
CAICOS_677B
CAYMAN_6700
CAYMAN_6701
CAYMAN_6702
CAYMAN_6703
CAYMAN_6704
CAYMAN_6705
CAYMAN_6706
CAYMAN_6707
CAYMAN_6708
CAYMAN_6709
CAYMAN_6718
CAYMAN_6719
CAYMAN_671C
CAYMAN_671D
CAYMAN_671F
CEDAR_68E0
CEDAR_68E1
CEDAR_68E4
CEDAR_68E5
CEDAR_68E8
CEDAR_68E9
CEDAR_68F1
CEDAR_68F2
CEDAR_68F8
CEDAR_68F9
CEDAR_68FA
CEDAR_68FE
CYPRESS_6880
CYPRESS_6888
CYPRESS_6889
CYPRESS_688A
CYPRESS_688C
CYPRESS_688D
CYPRESS_6898
CYPRESS_6899
CYPRESS_689B
CYPRESS_689E
HEMLOCK_689C
HEMLOCK_689D
JUNIPER_68A0
JUNIPER_68A1
JUNIPER_68A8
JUNIPER_68A9
JUNIPER_68B0
JUNIPER_68B8
JUNIPER_68B9
JUNIPER_68BA
JUNIPER_68BE
JUNIPER_68BF
PALM_9802
PALM_9803
PALM_9804
PALM_9805
PALM_9806
PALM_9807
PALM_9808
PALM_9809
PALM_980A
REDWOOD_68C0
REDWOOD_68C1
REDWOOD_68C7
REDWOOD_68C8
REDWOOD_68C9
REDWOOD_68D8
REDWOOD_68D9
REDWOOD_68DA
REDWOOD_68DE
RS780_9610
RS780_9611
RS780_9612
RS780_9613
RS780_9614
RS780_9615
RS780_9616
RS880_9710
RS880_9711
RS880_9712
RS880_9713
RS880_9714
RS880_9715
RV710_9540
RV710_9541
RV710_9542
RV710_954E
RV710_954F
RV710_9552
RV710_9553
RV710_9555
RV710_9557
RV710_955F
RV730_9480
RV730_9487
RV730_9488
RV730_9489
RV730_948A
RV730_948F
RV730_9490
RV730_9491
RV730_9495
RV730_9498
RV730_949C
RV730_949E
RV730_949F
RV740_94A0
RV740_94A1
RV740_94A3
RV740_94B1
RV740_94B3
RV740_94B4
RV740_94B5
RV740_94B9
RV770_9440
RV770_9441
RV770_9442
RV770_9443
RV770_9444
RV770_9446
RV770_944A
RV770_944B
RV770_944C
RV770_944E
RV770_9450
RV770_9452
RV770_9456
RV770_945A
RV770_945B
RV770_945E
RV770_946A
RV770_946B
RV770_947A
RV770_947B
RV790_9460
RV790_9462
SUMO2_9642
SUMO2_9643
SUMO2_9644
SUMO2_9645
SUMO2_9649
SUMO_9640
SUMO_9641
SUMO_9647
SUMO_9648
SUMO_964A
SUMO_964B
SUMO_964C
SUMO_964E
SUMO_964F
TURKS_6740
TURKS_6741
TURKS_6742
TURKS_6743
TURKS_6744
TURKS_6745
TURKS_6746
TURKS_6747
TURKS_6748
TURKS_6749
TURKS_674A
TURKS_6750
TURKS_6751
TURKS_6758
TURKS_6759
TURKS_675B
TURKS_675D
TURKS_675F
TURKS_6840
TURKS_6841
TURKS_6842
TURKS_6843
TURKS_6849
TURKS_6850
TURKS_6858
TURKS_6859
